  [1m[35m (0.2ms)[0m  [1m[35mSET  @@SESSION.sql_mode = CONCAT(CONCAT(@@sql_mode, ',STRICT_ALL_TABLES'), ',NO_AUTO_VALUE_ON_ZERO'),  @@SESSION.sql_auto_is_null = 0, @@SESSION.wait_timeout = 2147483[0m
  ↳ /home/babaloopatel/.rvm/gems/ruby-2.6.3/bin/rake:23
  [1m[35m (0.2ms)[0m  [1m[35mCREATE DATABASE `favourite_show_development` DEFAULT CHARACTER SET `utf8`[0m
  ↳ /home/babaloopatel/.rvm/gems/ruby-2.6.3/bin/rake:23
  [1m[35m (0.1ms)[0m  [1m[35mSET  @@SESSION.sql_mode = CONCAT(CONCAT(@@sql_mode, ',STRICT_ALL_TABLES'), ',NO_AUTO_VALUE_ON_ZERO'),  @@SESSION.sql_auto_is_null = 0, @@SESSION.wait_timeout = 2147483[0m
  ↳ /home/babaloopatel/.rvm/gems/ruby-2.6.3/bin/rake:23
  [1m[35m (0.1ms)[0m  [1m[35mCREATE DATABASE `favourite_show_test` DEFAULT CHARACTER SET `utf8`[0m
  ↳ /home/babaloopatel/.rvm/gems/ruby-2.6.3/bin/rake:23
  [1m[35m (0.3ms)[0m  [1m[35mSET  @@SESSION.sql_mode = CONCAT(CONCAT(@@sql_mode, ',STRICT_ALL_TABLES'), ',NO_AUTO_VALUE_ON_ZERO'),  @@SESSION.sql_auto_is_null = 0, @@SESSION.wait_timeout = 2147483[0m
  ↳ /home/babaloopatel/.rvm/gems/ruby-2.6.3/bin/rake:23
  [1m[35m (9.0ms)[0m  [1m[35mCREATE TABLE `schema_migrations` (`version` varchar(255) NOT NULL PRIMARY KEY)[0m
  ↳ /home/babaloopatel/.rvm/gems/ruby-2.6.3/bin/rake:23
  [1m[35m (7.7ms)[0m  [1m[35mCREATE TABLE `ar_internal_metadata` (`key` varchar(255) NOT NULL PRIMARY KEY, `value` varchar(255), `created_at` datetime NOT NULL, `updated_at` datetime NOT NULL)[0m
  ↳ /home/babaloopatel/.rvm/gems/ruby-2.6.3/bin/rake:23
  [1m[35m (0.1ms)[0m  [1m[34mSELECT GET_LOCK('1850036047215140820', 0)[0m
  ↳ /home/babaloopatel/.rvm/gems/ruby-2.6.3/bin/rake:23
  [1m[35m (0.2ms)[0m  [1m[34mSELECT `schema_migrations`.`version` FROM `schema_migrations` ORDER BY `schema_migrations`.`version` ASC[0m
  ↳ /home/babaloopatel/.rvm/gems/ruby-2.6.3/bin/rake:23
Migrating to CreateUsers (20200318160010)
  [1m[35m (8.5ms)[0m  [1m[35mCREATE TABLE `users` (`id` bigint NOT NULL AUTO_INCREMENT PRIMARY KEY, `name` varchar(255), `email` varchar(255), `created_at` datetime NOT NULL, `updated_at` datetime NOT NULL)[0m
  ↳ db/migrate/20200318160010_create_users.rb:3
  [1m[35m (0.2ms)[0m  [1m[35mBEGIN[0m
  ↳ /home/babaloopatel/.rvm/gems/ruby-2.6.3/bin/rake:23
  [1m[36mActiveRecord::SchemaMigration Create (0.2ms)[0m  [1m[32mINSERT INTO `schema_migrations` (`version`) VALUES ('20200318160010')[0m
  ↳ /home/babaloopatel/.rvm/gems/ruby-2.6.3/bin/rake:23
  [1m[35m (1.0ms)[0m  [1m[35mCOMMIT[0m
  ↳ /home/babaloopatel/.rvm/gems/ruby-2.6.3/bin/rake:23
Migrating to CreateTvShows (20200318160400)
  [1m[35m (7.9ms)[0m  [1m[35mCREATE TABLE `tv_shows` (`id` bigint NOT NULL AUTO_INCREMENT PRIMARY KEY, `show` varchar(255), `channel` varchar(255), `timing` varchar(255), `created_at` datetime NOT NULL, `updated_at` datetime NOT NULL)[0m
  ↳ db/migrate/20200318160400_create_tv_shows.rb:3
  [1m[35m (0.4ms)[0m  [1m[35mBEGIN[0m
  ↳ /home/babaloopatel/.rvm/gems/ruby-2.6.3/bin/rake:23
  [1m[36mActiveRecord::SchemaMigration Create (0.5ms)[0m  [1m[32mINSERT INTO `schema_migrations` (`version`) VALUES ('20200318160400')[0m
  ↳ /home/babaloopatel/.rvm/gems/ruby-2.6.3/bin/rake:23
  [1m[35m (1.4ms)[0m  [1m[35mCOMMIT[0m
  ↳ /home/babaloopatel/.rvm/gems/ruby-2.6.3/bin/rake:23
Migrating to CreteJoinTableUsersTvShows (20200318160809)
  [1m[35m (12.4ms)[0m  [1m[35mCREATE TABLE `tv_shows_users` (`user_id` bigint NOT NULL, `tv_show_id` bigint NOT NULL)[0m
  ↳ db/migrate/20200318160809_crete_join_table_users_tv_shows.rb:3
  [1m[35m (0.3ms)[0m  [1m[35mBEGIN[0m
  ↳ /home/babaloopatel/.rvm/gems/ruby-2.6.3/bin/rake:23
  [1m[36mActiveRecord::SchemaMigration Create (0.5ms)[0m  [1m[32mINSERT INTO `schema_migrations` (`version`) VALUES ('20200318160809')[0m
  ↳ /home/babaloopatel/.rvm/gems/ruby-2.6.3/bin/rake:23
  [1m[35m (1.5ms)[0m  [1m[35mCOMMIT[0m
  ↳ /home/babaloopatel/.rvm/gems/ruby-2.6.3/bin/rake:23
  [1m[36mActiveRecord::InternalMetadata Load (0.7ms)[0m  [1m[34mSELECT  `ar_internal_metadata`.* FROM `ar_internal_metadata` WHERE `ar_internal_metadata`.`key` = 'environment' LIMIT 1[0m
  ↳ /home/babaloopatel/.rvm/gems/ruby-2.6.3/bin/rake:23
  [1m[35m (0.2ms)[0m  [1m[35mBEGIN[0m
  ↳ /home/babaloopatel/.rvm/gems/ruby-2.6.3/bin/rake:23
  [1m[36mActiveRecord::InternalMetadata Create (0.4ms)[0m  [1m[32mINSERT INTO `ar_internal_metadata` (`key`, `value`, `created_at`, `updated_at`) VALUES ('environment', 'development', '2020-03-18 16:10:06', '2020-03-18 16:10:06')[0m
  ↳ /home/babaloopatel/.rvm/gems/ruby-2.6.3/bin/rake:23
  [1m[35m (1.9ms)[0m  [1m[35mCOMMIT[0m
  ↳ /home/babaloopatel/.rvm/gems/ruby-2.6.3/bin/rake:23
  [1m[35m (0.3ms)[0m  [1m[34mSELECT RELEASE_LOCK('1850036047215140820')[0m
  ↳ /home/babaloopatel/.rvm/gems/ruby-2.6.3/bin/rake:23
  [1m[35m (0.3ms)[0m  [1m[34mSELECT `schema_migrations`.`version` FROM `schema_migrations` ORDER BY `schema_migrations`.`version` ASC[0m
  ↳ /home/babaloopatel/.rvm/gems/ruby-2.6.3/bin/rake:23
  [1m[35m (0.4ms)[0m  [1m[35mSET  @@SESSION.sql_mode = CONCAT(CONCAT(@@sql_mode, ',STRICT_ALL_TABLES'), ',NO_AUTO_VALUE_ON_ZERO'),  @@SESSION.sql_auto_is_null = 0, @@SESSION.wait_timeout = 2147483[0m
  ↳ /home/babaloopatel/.rvm/gems/ruby-2.6.3/bin/rake:23
  [1m[35m (0.2ms)[0m  [1m[34mSELECT `schema_migrations`.`version` FROM `schema_migrations` ORDER BY `schema_migrations`.`version` ASC[0m
  ↳ /home/babaloopatel/.rvm/gems/ruby-2.6.3/bin/rake:23
  [1m[35m (1.3ms)[0m  [1m[35mSET  @@SESSION.sql_mode = CONCAT(CONCAT(@@sql_mode, ',STRICT_ALL_TABLES'), ',NO_AUTO_VALUE_ON_ZERO'),  @@SESSION.sql_auto_is_null = 0, @@SESSION.wait_timeout = 2147483[0m
  ↳ /home/babaloopatel/.rvm/gems/ruby-2.6.3/bin/rake:23
  [1m[35m (0.3ms)[0m  [1m[34mSELECT `schema_migrations`.`version` FROM `schema_migrations` ORDER BY `schema_migrations`.`version` ASC[0m
  ↳ /home/babaloopatel/.rvm/gems/ruby-2.6.3/bin/rake:23
  [1m[35m (0.1ms)[0m  [1m[35mBEGIN[0m
  ↳ db/seeds.rb:8
  [1m[36mUser Create (0.2ms)[0m  [1m[32mINSERT INTO `users` (`name`, `email`, `created_at`, `updated_at`) VALUES ('user_1', 'bablu.bhumca14@gmail.com', '2020-03-18 17:58:32', '2020-03-18 17:58:32')[0m
  ↳ db/seeds.rb:8
  [1m[35m (3.0ms)[0m  [1m[35mCOMMIT[0m
  ↳ db/seeds.rb:8
  [1m[35m (0.1ms)[0m  [1m[35mBEGIN[0m
  ↳ db/seeds.rb:8
  [1m[36mUser Create (0.2ms)[0m  [1m[32mINSERT INTO `users` (`name`, `email`, `created_at`, `updated_at`) VALUES ('user_2', 'babaloo.bhumca2014@gmail.com', '2020-03-18 17:58:32', '2020-03-18 17:58:32')[0m
  ↳ db/seeds.rb:8
  [1m[35m (1.1ms)[0m  [1m[35mCOMMIT[0m
  ↳ db/seeds.rb:8
  [1m[35m (0.2ms)[0m  [1m[35mBEGIN[0m
  ↳ db/seeds.rb:10
  [1m[36mTvShow Create (0.2ms)[0m  [1m[32mINSERT INTO `tv_shows` (`show`, `channel`, `timing`, `created_at`, `updated_at`) VALUES ('money_heist', 'channel_1', '9:15', '2020-03-18 17:58:32', '2020-03-18 17:58:32')[0m
  ↳ db/seeds.rb:10
  [1m[35m (1.1ms)[0m  [1m[35mCOMMIT[0m
  ↳ db/seeds.rb:10
  [1m[35m (0.1ms)[0m  [1m[35mBEGIN[0m
  ↳ db/seeds.rb:10
  [1m[36mTvShow Create (0.2ms)[0m  [1m[32mINSERT INTO `tv_shows` (`show`, `channel`, `timing`, `created_at`, `updated_at`) VALUES ('CID', 'channel_2', '19:00', '2020-03-18 17:58:32', '2020-03-18 17:58:32')[0m
  ↳ db/seeds.rb:10
  [1m[35m (1.1ms)[0m  [1m[35mCOMMIT[0m
  ↳ db/seeds.rb:10
  [1m[35m (0.1ms)[0m  [1m[35mBEGIN[0m
  ↳ db/seeds.rb:10
  [1m[36mTvShow Create (0.1ms)[0m  [1m[32mINSERT INTO `tv_shows` (`show`, `channel`, `timing`, `created_at`, `updated_at`) VALUES ('money_heist', 'channel_2', '13:30', '2020-03-18 17:58:32', '2020-03-18 17:58:32')[0m
  ↳ db/seeds.rb:10
  [1m[35m (0.6ms)[0m  [1m[35mCOMMIT[0m
  ↳ db/seeds.rb:10
Started GET "/" for ::1 at 2020-03-18 11:01:06 -0700
  [1m[35m (0.3ms)[0m  [1m[35mSET  @@SESSION.sql_mode = CONCAT(CONCAT(@@sql_mode, ',STRICT_ALL_TABLES'), ',NO_AUTO_VALUE_ON_ZERO'),  @@SESSION.sql_auto_is_null = 0, @@SESSION.wait_timeout = 2147483[0m
  ↳ /home/babaloopatel/.rvm/gems/ruby-2.6.3/gems/activerecord-5.2.4.1/lib/active_record/log_subscriber.rb:98
  [1m[35m (0.2ms)[0m  [1m[34mSELECT `schema_migrations`.`version` FROM `schema_migrations` ORDER BY `schema_migrations`.`version` ASC[0m
  ↳ /home/babaloopatel/.rvm/gems/ruby-2.6.3/gems/activerecord-5.2.4.1/lib/active_record/log_subscriber.rb:98
Processing by TvShowsController#index as HTML
  Rendering tv_shows/index.html.erb within layouts/application
  [1m[36mTvShow Load (0.3ms)[0m  [1m[34mSELECT `tv_shows`.* FROM `tv_shows`[0m
  ↳ app/views/tv_shows/index.html.erb:13
  Rendered tv_shows/index.html.erb within layouts/application (6.8ms)
Completed 200 OK in 561ms (Views: 555.0ms | ActiveRecord: 1.0ms)


Started GET "/mark_as_favourite/1" for ::1 at 2020-03-18 11:04:32 -0700
  
SyntaxError (/home/babaloopatel/Desktop/favourite_show/app/controllers/tv_shows_controller.rb:9: syntax error, unexpected tIDENTIFIER, expecting end
....tv_shows << TvShow.find params["id"]
...                         ^~~~~~):
  
app/controllers/tv_shows_controller.rb:9: syntax error, unexpected tIDENTIFIER, expecting end
Started GET "/mark_as_favourite/2" for ::1 at 2020-03-18 11:04:50 -0700
  
AbstractController::ActionNotFound (The action 'mark_as_favourite' could not be found for TvShowsController):
  
actionpack (5.2.4.1) lib/abstract_controller/base.rb:129:in `process'
actionview (5.2.4.1) lib/action_view/rendering.rb:32:in `process'
actionpack (5.2.4.1) lib/action_controller/metal.rb:191:in `dispatch'
actionpack (5.2.4.1) lib/action_controller/metal.rb:252:in `dispatch'
actionpack (5.2.4.1) lib/action_dispatch/routing/route_set.rb:52:in `dispatch'
actionpack (5.2.4.1) lib/action_dispatch/routing/route_set.rb:34:in `serve'
actionpack (5.2.4.1) lib/action_dispatch/journey/router.rb:52:in `block in serve'
actionpack (5.2.4.1) lib/action_dispatch/journey/router.rb:35:in `each'
actionpack (5.2.4.1) lib/action_dispatch/journey/router.rb:35:in `serve'
actionpack (5.2.4.1) lib/action_dispatch/routing/route_set.rb:840:in `call'
rack (2.2.2) lib/rack/tempfile_reaper.rb:15:in `call'
rack (2.2.2) lib/rack/etag.rb:27:in `call'
rack (2.2.2) lib/rack/conditional_get.rb:27:in `call'
rack (2.2.2) lib/rack/head.rb:12:in `call'
actionpack (5.2.4.1) lib/action_dispatch/http/content_security_policy.rb:18:in `call'
rack (2.2.2) lib/rack/session/abstract/id.rb:266:in `context'
rack (2.2.2) lib/rack/session/abstract/id.rb:260:in `call'
actionpack (5.2.4.1) lib/action_dispatch/middleware/cookies.rb:670:in `call'
activerecord (5.2.4.1) lib/active_record/migration.rb:559:in `call'
actionpack (5.2.4.1) lib/action_dispatch/middleware/callbacks.rb:28:in `block in call'
activesupport (5.2.4.1) lib/active_support/callbacks.rb:98:in `run_callbacks'
actionpack (5.2.4.1) lib/action_dispatch/middleware/callbacks.rb:26:in `call'
actionpack (5.2.4.1) lib/action_dispatch/middleware/executor.rb:14:in `call'
actionpack (5.2.4.1) lib/action_dispatch/middleware/debug_exceptions.rb:61:in `call'
web-console (3.7.0) lib/web_console/middleware.rb:135:in `call_app'
web-console (3.7.0) lib/web_console/middleware.rb:30:in `block in call'
web-console (3.7.0) lib/web_console/middleware.rb:20:in `catch'
web-console (3.7.0) lib/web_console/middleware.rb:20:in `call'
actionpack (5.2.4.1) lib/action_dispatch/middleware/show_exceptions.rb:33:in `call'
railties (5.2.4.1) lib/rails/rack/logger.rb:38:in `call_app'
railties (5.2.4.1) lib/rails/rack/logger.rb:26:in `block in call'
activesupport (5.2.4.1) lib/active_support/tagged_logging.rb:71:in `block in tagged'
activesupport (5.2.4.1) lib/active_support/tagged_logging.rb:28:in `tagged'
activesupport (5.2.4.1) lib/active_support/tagged_logging.rb:71:in `tagged'
railties (5.2.4.1) lib/rails/rack/logger.rb:26:in `call'
sprockets-rails (3.2.1) lib/sprockets/rails/quiet_assets.rb:13:in `call'
actionpack (5.2.4.1) lib/action_dispatch/middleware/remote_ip.rb:81:in `call'
actionpack (5.2.4.1) lib/action_dispatch/middleware/request_id.rb:27:in `call'
rack (2.2.2) lib/rack/method_override.rb:24:in `call'
rack (2.2.2) lib/rack/runtime.rb:22:in `call'
activesupport (5.2.4.1) lib/active_support/cache/strategy/local_cache_middleware.rb:29:in `call'
actionpack (5.2.4.1) lib/action_dispatch/middleware/executor.rb:14:in `call'
actionpack (5.2.4.1) lib/action_dispatch/middleware/static.rb:127:in `call'
rack (2.2.2) lib/rack/sendfile.rb:110:in `call'
railties (5.2.4.1) lib/rails/engine.rb:524:in `call'
puma (3.12.4) lib/puma/configuration.rb:227:in `call'
puma (3.12.4) lib/puma/server.rb:675:in `handle_request'
puma (3.12.4) lib/puma/server.rb:476:in `process_client'
puma (3.12.4) lib/puma/server.rb:334:in `block in run'
puma (3.12.4) lib/puma/thread_pool.rb:135:in `block in spawn_thread'
Started GET "/" for ::1 at 2020-03-18 11:05:53 -0700
Processing by TvShowsController#index as HTML
  Rendering tv_shows/index.html.erb within layouts/application
  [1m[36mTvShow Load (0.3ms)[0m  [1m[34mSELECT `tv_shows`.* FROM `tv_shows`[0m
  ↳ app/views/tv_shows/index.html.erb:13
  Rendered tv_shows/index.html.erb within layouts/application (18.0ms)
Completed 200 OK in 49ms (Views: 45.6ms | ActiveRecord: 1.0ms)


Started GET "/set_favourite/2" for ::1 at 2020-03-18 11:05:55 -0700
Processing by TvShowsController#set_favourite as JS
  Parameters: {"id"=>"2"}
  [1m[36mUser Load (0.6ms)[0m  [1m[34mSELECT  `users`.* FROM `users` ORDER BY `users`.`id` ASC LIMIT 1[0m
  ↳ (pry):2
  [1m[36mCACHE User Load (0.0ms)[0m  [1m[34mSELECT  `users`.* FROM `users` ORDER BY `users`.`id` ASC LIMIT 1[0m
  ↳ (pry):8
  [1m[36mCACHE User Load (0.0ms)[0m  [1m[34mSELECT  `users`.* FROM `users` ORDER BY `users`.`id` ASC LIMIT 1[0m
  ↳ app/controllers/tv_shows_controller.rb:8
  Rendering tv_shows/set_favourite.html.erb within layouts/application
  Rendered tv_shows/set_favourite.html.erb within layouts/application (0.6ms)
Completed 200 OK in 428038ms (Views: 47.6ms | ActiveRecord: 3.0ms)


Started GET "/" for ::1 at 2020-03-18 11:14:45 -0700
  [1m[35m (0.2ms)[0m  [1m[35mSET  @@SESSION.sql_mode = CONCAT(CONCAT(@@sql_mode, ',STRICT_ALL_TABLES'), ',NO_AUTO_VALUE_ON_ZERO'),  @@SESSION.sql_auto_is_null = 0, @@SESSION.wait_timeout = 2147483[0m
  ↳ /home/babaloopatel/.rvm/gems/ruby-2.6.3/gems/activerecord-5.2.4.1/lib/active_record/log_subscriber.rb:98
  [1m[35m (0.2ms)[0m  [1m[34mSELECT `schema_migrations`.`version` FROM `schema_migrations` ORDER BY `schema_migrations`.`version` ASC[0m
  ↳ /home/babaloopatel/.rvm/gems/ruby-2.6.3/gems/activerecord-5.2.4.1/lib/active_record/log_subscriber.rb:98
Processing by TvShowsController#index as HTML
  Rendering tv_shows/index.html.erb within layouts/application
  [1m[36mTvShow Load (0.2ms)[0m  [1m[34mSELECT `tv_shows`.* FROM `tv_shows`[0m
  ↳ app/views/tv_shows/index.html.erb:13
  Rendered tv_shows/index.html.erb within layouts/application (11.6ms)
Completed 200 OK in 218ms (Views: 211.3ms | ActiveRecord: 1.1ms)


Started GET "/set_favourite/1" for ::1 at 2020-03-18 11:14:48 -0700
Processing by TvShowsController#set_favourite as JS
  Parameters: {"id"=>"1"}
  [1m[36mUser Load (0.2ms)[0m  [1m[34mSELECT  `users`.* FROM `users` ORDER BY `users`.`id` ASC LIMIT 1[0m
  ↳ (pry):1
  [1m[36mUser Load (0.4ms)[0m  [1m[34mSELECT  `users`.* FROM `users` WHERE `users`.`name` IS NULL LIMIT 1[0m
  ↳ (pry):4
  [1m[36mUser Load (0.4ms)[0m  [1m[34mSELECT  `users`.* FROM `users` WHERE `users`.`name` = 'user_1' LIMIT 1[0m
  ↳ (pry):5
  [1m[36mCACHE User Load (0.1ms)[0m  [1m[34mSELECT  `users`.* FROM `users` ORDER BY `users`.`id` ASC LIMIT 1[0m
  ↳ app/controllers/tv_shows_controller.rb:8
  Rendering tv_shows/set_favourite.html.erb within layouts/application
  Rendered tv_shows/set_favourite.html.erb within layouts/application (0.5ms)
Completed 200 OK in 284284ms (Views: 37.6ms | ActiveRecord: 1.8ms)


Started GET "/" for ::1 at 2020-03-18 11:19:50 -0700
  [1m[35m (0.1ms)[0m  [1m[35mSET  @@SESSION.sql_mode = CONCAT(CONCAT(@@sql_mode, ',STRICT_ALL_TABLES'), ',NO_AUTO_VALUE_ON_ZERO'),  @@SESSION.sql_auto_is_null = 0, @@SESSION.wait_timeout = 2147483[0m
  ↳ /home/babaloopatel/.rvm/gems/ruby-2.6.3/gems/activerecord-5.2.4.1/lib/active_record/log_subscriber.rb:98
  [1m[35m (0.2ms)[0m  [1m[34mSELECT `schema_migrations`.`version` FROM `schema_migrations` ORDER BY `schema_migrations`.`version` ASC[0m
  ↳ /home/babaloopatel/.rvm/gems/ruby-2.6.3/gems/activerecord-5.2.4.1/lib/active_record/log_subscriber.rb:98
Processing by TvShowsController#index as HTML
  Rendering tv_shows/index.html.erb within layouts/application
  [1m[36mTvShow Load (0.2ms)[0m  [1m[34mSELECT `tv_shows`.* FROM `tv_shows`[0m
  ↳ app/views/tv_shows/index.html.erb:13
  Rendered tv_shows/index.html.erb within layouts/application (11.5ms)
Completed 200 OK in 196ms (Views: 181.5ms | ActiveRecord: 1.0ms)


Started GET "/set_favourite/2" for ::1 at 2020-03-18 11:19:52 -0700
Processing by TvShowsController#set_favourite as JS
  Parameters: {"id"=>"2"}
  [1m[36mUser Load (0.7ms)[0m  [1m[34mSELECT  `users`.* FROM `users` ORDER BY `users`.`id` ASC LIMIT 1[0m
  ↳ (pry):1
  [1m[36mTvShow Load (0.3ms)[0m  [1m[34mSELECT `tv_shows`.* FROM `tv_shows` INNER JOIN `tv_shows_users` ON `tv_shows`.`id` = `tv_shows_users`.`tv_show_id` WHERE `tv_shows_users`.`user_id` = 1[0m
  ↳ app/controllers/tv_shows_controller.rb:8
  [1m[36mTvShow Load (0.8ms)[0m  [1m[34mSELECT  `tv_shows`.* FROM `tv_shows` WHERE `tv_shows`.`id` = 2 LIMIT 1[0m
  ↳ (pry):4
  [1m[35m (0.3ms)[0m  [1m[35mBEGIN[0m
  ↳ (pry):4
  [1m[36mUser::HABTM_TvShows Create (0.3ms)[0m  [1m[32mINSERT INTO `tv_shows_users` (`user_id`, `tv_show_id`) VALUES (1, 2)[0m
  ↳ (pry):4
  [1m[35m (1.5ms)[0m  [1m[35mCOMMIT[0m
  ↳ (pry):4
  [1m[36mUser Load (0.7ms)[0m  [1m[34mSELECT  `users`.* FROM `users` ORDER BY `users`.`id` ASC LIMIT 1[0m
  ↳ app/controllers/tv_shows_controller.rb:8
  Rendering tv_shows/set_favourite.html.erb within layouts/application
  Rendered tv_shows/set_favourite.html.erb within layouts/application (0.7ms)
Completed 200 OK in 119214ms (Views: 50.0ms | ActiveRecord: 8.8ms)


Started GET "/" for ::1 at 2020-03-18 11:46:07 -0700
  [1m[35m (0.2ms)[0m  [1m[35mSET  @@SESSION.sql_mode = CONCAT(CONCAT(@@sql_mode, ',STRICT_ALL_TABLES'), ',NO_AUTO_VALUE_ON_ZERO'),  @@SESSION.sql_auto_is_null = 0, @@SESSION.wait_timeout = 2147483[0m
  ↳ /home/babaloopatel/.rvm/gems/ruby-2.6.3/gems/activerecord-5.2.4.1/lib/active_record/log_subscriber.rb:98
Processing by TvShowsController#index as HTML
  Rendering tv_shows/index.html.erb within layouts/application
  [1m[36mTvShow Load (0.3ms)[0m  [1m[34mSELECT `tv_shows`.* FROM `tv_shows`[0m
  ↳ app/views/tv_shows/index.html.erb:16
  Rendered tv_shows/index.html.erb within layouts/application (5.7ms)
Completed 200 OK in 36ms (Views: 32.6ms | ActiveRecord: 1.0ms)


Started GET "/" for ::1 at 2020-03-18 11:46:30 -0700
Processing by TvShowsController#index as HTML
  Rendering tv_shows/index.html.erb within layouts/application
  [1m[36mTvShow Load (1.2ms)[0m  [1m[34mSELECT `tv_shows`.* FROM `tv_shows`[0m
  ↳ app/views/tv_shows/index.html.erb:14
  Rendered tv_shows/index.html.erb within layouts/application (5.3ms)
Completed 200 OK in 48ms (Views: 43.7ms | ActiveRecord: 1.2ms)


Started GET "/" for ::1 at 2020-03-18 11:51:39 -0700
Processing by TvShowsController#index as HTML
  Rendering tv_shows/index.html.erb within layouts/application
  Rendered tv_shows/index.html.erb within layouts/application (12.6ms)
Completed 500 Internal Server Error in 18ms (ActiveRecord: 0.0ms)


  
ActionView::Template::Error (no method name given):
    11:       </tr>
    12:     </thead>
    13:     <tbody>
    14:       <% @tv_shows.try.each do |show| %>
    15:         <tr>
    16:           <td scope="row"><%= show.show%></td>
    17:           <td><%= show.channel%></td>
  
app/views/tv_shows/index.html.erb:14:in `_app_views_tv_shows_index_html_erb___428126730271580336_70110724282440'
Started GET "/" for ::1 at 2020-03-18 11:52:00 -0700
Processing by TvShowsController#index as HTML
  Rendering tv_shows/index.html.erb within layouts/application
  [1m[36mTvShow Load (0.5ms)[0m  [1m[34mSELECT `tv_shows`.* FROM `tv_shows`[0m
  ↳ app/views/tv_shows/index.html.erb:14
  Rendered tv_shows/index.html.erb within layouts/application (3.2ms)
Completed 200 OK in 44ms (Views: 41.6ms | ActiveRecord: 0.5ms)


Started GET "/" for ::1 at 2020-03-18 11:52:48 -0700
Processing by TvShowsController#index as HTML
  Rendering tv_shows/index.html.erb within layouts/application
  [1m[36mTvShow Load (0.3ms)[0m  [1m[34mSELECT `tv_shows`.* FROM `tv_shows`[0m
  ↳ app/views/tv_shows/index.html.erb:14
  Rendered tv_shows/index.html.erb within layouts/application (2.1ms)
Completed 200 OK in 33ms (Views: 31.5ms | ActiveRecord: 0.3ms)


Started GET "/" for ::1 at 2020-03-18 11:55:08 -0700
Processing by TvShowsController#index as HTML
  Rendering tv_shows/index.html.erb within layouts/application
  [1m[36mTvShow Load (1.4ms)[0m  [1m[34mSELECT `tv_shows`.* FROM `tv_shows`[0m
  ↳ app/views/tv_shows/index.html.erb:14
  Rendered tv_shows/index.html.erb within layouts/application (4.0ms)
Completed 200 OK in 74ms (Views: 69.2ms | ActiveRecord: 1.4ms)


Started GET "/" for ::1 at 2020-03-18 11:58:15 -0700
Processing by TvShowsController#index as HTML
  Rendering tv_shows/index.html.erb within layouts/application
  [1m[36mTvShow Load (0.3ms)[0m  [1m[34mSELECT `tv_shows`.* FROM `tv_shows`[0m
  ↳ app/views/tv_shows/index.html.erb:14
  Rendered tv_shows/index.html.erb within layouts/application (21.7ms)
Completed 200 OK in 55ms (Views: 51.4ms | ActiveRecord: 0.3ms)


Started GET "/" for ::1 at 2020-03-18 12:02:12 -0700
  [1m[35m (0.1ms)[0m  [1m[35mSET  @@SESSION.sql_mode = CONCAT(CONCAT(@@sql_mode, ',STRICT_ALL_TABLES'), ',NO_AUTO_VALUE_ON_ZERO'),  @@SESSION.sql_auto_is_null = 0, @@SESSION.wait_timeout = 2147483[0m
  ↳ /home/babaloopatel/.rvm/gems/ruby-2.6.3/gems/activerecord-5.2.4.1/lib/active_record/log_subscriber.rb:98
  [1m[35m (0.1ms)[0m  [1m[34mSELECT `schema_migrations`.`version` FROM `schema_migrations` ORDER BY `schema_migrations`.`version` ASC[0m
  ↳ /home/babaloopatel/.rvm/gems/ruby-2.6.3/gems/activerecord-5.2.4.1/lib/active_record/log_subscriber.rb:98
Processing by TvShowsController#index as HTML
  Rendering tv_shows/index.html.erb within layouts/application
  [1m[36mTvShow Load (0.2ms)[0m  [1m[34mSELECT `tv_shows`.* FROM `tv_shows`[0m
  ↳ app/views/tv_shows/index.html.erb:14
  Rendered tv_shows/index.html.erb within layouts/application (12.3ms)
Completed 200 OK in 195ms (Views: 184.3ms | ActiveRecord: 1.1ms)


Started GET "/" for ::1 at 2020-03-18 12:04:32 -0700
Processing by TvShowsController#index as HTML
  Rendering tv_shows/index.html.erb within layouts/application
  [1m[36mTvShow Load (0.4ms)[0m  [1m[34mSELECT `tv_shows`.* FROM `tv_shows`[0m
  ↳ app/views/tv_shows/index.html.erb:14
  Rendered tv_shows/index.html.erb within layouts/application (2.4ms)
Completed 200 OK in 31ms (Views: 29.4ms | ActiveRecord: 0.4ms)


Started GET "/" for ::1 at 2020-03-18 12:08:56 -0700
Processing by TvShowsController#index as HTML
  Rendering tv_shows/index.html.erb within layouts/application
  [1m[36mTvShow Load (0.5ms)[0m  [1m[34mSELECT `tv_shows`.* FROM `tv_shows`[0m
  ↳ app/views/tv_shows/index.html.erb:14
  Rendered tv_shows/index.html.erb within layouts/application (3.7ms)
Completed 200 OK in 71ms (Views: 66.0ms | ActiveRecord: 0.5ms)


Started GET "/" for ::1 at 2020-03-18 12:12:17 -0700
Processing by TvShowsController#index as HTML
  Rendering tv_shows/index.html.erb within layouts/application
  [1m[36mTvShow Load (0.5ms)[0m  [1m[34mSELECT `tv_shows`.* FROM `tv_shows`[0m
  ↳ app/views/tv_shows/index.html.erb:14
  Rendered tv_shows/index.html.erb within layouts/application (14.1ms)
Completed 200 OK in 5231ms (Views: 41.0ms | ActiveRecord: 2.5ms)


Started GET "/?search_key=r" for ::1 at 2020-03-18 12:12:32 -0700
Processing by TvShowsController#index as */*
  Parameters: {"search_key"=>"r"}
Started GET "/?search_key=ra" for ::1 at 2020-03-18 12:12:32 -0700
  [1m[35m (0.8ms)[0m  [1m[35mSET  @@SESSION.sql_mode = CONCAT(CONCAT(@@sql_mode, ',STRICT_ALL_TABLES'), ',NO_AUTO_VALUE_ON_ZERO'),  @@SESSION.sql_auto_is_null = 0, @@SESSION.wait_timeout = 2147483[0m
  ↳ /home/babaloopatel/.rvm/gems/ruby-2.6.3/gems/activerecord-5.2.4.1/lib/active_record/log_subscriber.rb:98
Processing by TvShowsController#index as */*
  Parameters: {"search_key"=>"ra"}
Started GET "/?search_key=rak" for ::1 at 2020-03-18 12:12:33 -0700
  [1m[35m (1.1ms)[0m  [1m[35mSET  @@SESSION.sql_mode = CONCAT(CONCAT(@@sql_mode, ',STRICT_ALL_TABLES'), ',NO_AUTO_VALUE_ON_ZERO'),  @@SESSION.sql_auto_is_null = 0, @@SESSION.wait_timeout = 2147483[0m
  ↳ /home/babaloopatel/.rvm/gems/ruby-2.6.3/gems/activerecord-5.2.4.1/lib/active_record/log_subscriber.rb:98
Processing by TvShowsController#index as */*
  Parameters: {"search_key"=>"rak"}
Started GET "/" for ::1 at 2020-03-18 12:29:00 -0700
  Rendering tv_shows/index.html.erb within layouts/application
  [1m[36mTvShow Load (0.4ms)[0m  [1m[34mSELECT `tv_shows`.* FROM `tv_shows`[0m
  ↳ app/views/tv_shows/_show_list.html.erb:1
  Rendered tv_shows/_show_list.html.erb (2.6ms)
  Rendered tv_shows/index.html.erb within layouts/application (7.0ms)
Completed 200 OK in 993889ms (Views: 50.0ms | ActiveRecord: 0.4ms)


  Rendering tv_shows/index.html.erb within layouts/application
  [1m[36mTvShow Load (0.4ms)[0m  [1m[34mSELECT `tv_shows`.* FROM `tv_shows`[0m
  ↳ app/views/tv_shows/_show_list.html.erb:1
  Rendered tv_shows/_show_list.html.erb (2.3ms)
  Rendered tv_shows/index.html.erb within layouts/application (6.0ms)
Completed 200 OK in 1002731ms (Views: 52.3ms | ActiveRecord: 0.4ms)


  Rendering tv_shows/index.html.erb within layouts/application
  [1m[36mTvShow Load (0.9ms)[0m  [1m[34mSELECT `tv_shows`.* FROM `tv_shows`[0m
  ↳ app/views/tv_shows/_show_list.html.erb:1
  Rendered tv_shows/_show_list.html.erb (2.8ms)
  Rendered tv_shows/index.html.erb within layouts/application (7.7ms)
Completed 200 OK in 1005351ms (Views: 46.3ms | ActiveRecord: 0.9ms)


Started GET "/?search_key=rak" for ::1 at 2020-03-18 12:29:17 -0700
  
SyntaxError (/home/babaloopatel/Desktop/favourite_show/app/controllers/tv_shows_controller.rb:5: syntax error, unexpected else, expecting ')'
    else
    ^~~~):
  
app/controllers/tv_shows_controller.rb:5: syntax error, unexpected else, expecting ')'
  
SyntaxError (/home/babaloopatel/Desktop/favourite_show/app/controllers/tv_shows_controller.rb:5: syntax error, unexpected else, expecting ')'
    else
    ^~~~):
  
app/controllers/tv_shows_controller.rb:5: syntax error, unexpected else, expecting ')'
Started GET "/" for ::1 at 2020-03-18 12:30:27 -0700
Processing by TvShowsController#index as HTML
  Rendering tv_shows/index.html.erb within layouts/application
  [1m[36mTvShow Load (0.2ms)[0m  [1m[34mSELECT `tv_shows`.* FROM `tv_shows`[0m
  ↳ app/views/tv_shows/_show_list.html.erb:1
  Rendered tv_shows/_show_list.html.erb (6.1ms)
  Rendered tv_shows/index.html.erb within layouts/application (6.7ms)
Completed 200 OK in 65ms (Views: 60.0ms | ActiveRecord: 1.0ms)


Started GET "/?search_key=m" for ::1 at 2020-03-18 12:39:31 -0700
  [1m[35m (0.6ms)[0m  [1m[35mSET  @@SESSION.sql_mode = CONCAT(CONCAT(@@sql_mode, ',STRICT_ALL_TABLES'), ',NO_AUTO_VALUE_ON_ZERO'),  @@SESSION.sql_auto_is_null = 0, @@SESSION.wait_timeout = 2147483[0m
  ↳ /home/babaloopatel/.rvm/gems/ruby-2.6.3/gems/activerecord-5.2.4.1/lib/active_record/log_subscriber.rb:98
Processing by TvShowsController#index as */*
  Parameters: {"search_key"=>"m"}
  Rendering tv_shows/index.html.erb within layouts/application
  [1m[36mTvShow Load (0.4ms)[0m  [1m[34mSELECT `tv_shows`.* FROM `tv_shows` WHERE (`tv_shows`.`show` = 'm' OR `tv_shows`.`channel` = 'm')[0m
  ↳ app/views/tv_shows/_show_list.html.erb:1
  Rendered tv_shows/_show_list.html.erb (10.7ms)
  Rendered tv_shows/index.html.erb within layouts/application (15.4ms)
Completed 200 OK in 80ms (Views: 70.2ms | ActiveRecord: 0.4ms)


Started GET "/?search_key=mo" for ::1 at 2020-03-18 12:39:31 -0700
Processing by TvShowsController#index as */*
  Parameters: {"search_key"=>"mo"}
  Rendering tv_shows/index.html.erb within layouts/application
  [1m[36mTvShow Load (0.5ms)[0m  [1m[34mSELECT `tv_shows`.* FROM `tv_shows` WHERE (`tv_shows`.`show` = 'mo' OR `tv_shows`.`channel` = 'mo')[0m
  ↳ app/views/tv_shows/_show_list.html.erb:1
  Rendered tv_shows/_show_list.html.erb (2.3ms)
  Rendered tv_shows/index.html.erb within layouts/application (8.9ms)
Completed 200 OK in 55ms (Views: 45.5ms | ActiveRecord: 0.5ms)


Started GET "/?search_key=mon" for ::1 at 2020-03-18 12:39:32 -0700
Processing by TvShowsController#index as */*
  Parameters: {"search_key"=>"mon"}
  Rendering tv_shows/index.html.erb within layouts/application
  [1m[36mTvShow Load (0.5ms)[0m  [1m[34mSELECT `tv_shows`.* FROM `tv_shows` WHERE (`tv_shows`.`show` = 'mon' OR `tv_shows`.`channel` = 'mon')[0m
  ↳ app/views/tv_shows/_show_list.html.erb:1
  Rendered tv_shows/_show_list.html.erb (2.2ms)
  Rendered tv_shows/index.html.erb within layouts/application (9.1ms)
Completed 200 OK in 61ms (Views: 51.9ms | ActiveRecord: 0.5ms)


Started GET "/?search_key=mone" for ::1 at 2020-03-18 12:39:33 -0700
Processing by TvShowsController#index as */*
  Parameters: {"search_key"=>"mone"}
  Rendering tv_shows/index.html.erb within layouts/application
  [1m[36mTvShow Load (0.6ms)[0m  [1m[34mSELECT `tv_shows`.* FROM `tv_shows` WHERE (`tv_shows`.`show` = 'mone' OR `tv_shows`.`channel` = 'mone')[0m
  ↳ app/views/tv_shows/_show_list.html.erb:1
  Rendered tv_shows/_show_list.html.erb (2.6ms)
  Rendered tv_shows/index.html.erb within layouts/application (9.6ms)
Completed 200 OK in 57ms (Views: 46.7ms | ActiveRecord: 0.6ms)


Started GET "/?search_key=money" for ::1 at 2020-03-18 12:39:33 -0700
Processing by TvShowsController#index as */*
  Parameters: {"search_key"=>"money"}
  Rendering tv_shows/index.html.erb within layouts/application
  [1m[36mTvShow Load (0.6ms)[0m  [1m[34mSELECT `tv_shows`.* FROM `tv_shows` WHERE (`tv_shows`.`show` = 'money' OR `tv_shows`.`channel` = 'money')[0m
  ↳ app/views/tv_shows/_show_list.html.erb:1
  Rendered tv_shows/_show_list.html.erb (2.2ms)
  Rendered tv_shows/index.html.erb within layouts/application (8.6ms)
Completed 200 OK in 61ms (Views: 51.4ms | ActiveRecord: 0.6ms)


Started GET "/?search_key=mone" for ::1 at 2020-03-18 12:41:28 -0700
Processing by TvShowsController#index as */*
  Parameters: {"search_key"=>"mone"}
  Rendering tv_shows/index.html.erb within layouts/application
  [1m[36mTvShow Load (0.5ms)[0m  [1m[34mSELECT `tv_shows`.* FROM `tv_shows` WHERE (`tv_shows`.`show` = 'mone' OR `tv_shows`.`channel` = 'mone')[0m
  ↳ app/views/tv_shows/_show_list.html.erb:1
  Rendered tv_shows/_show_list.html.erb (1.7ms)
  Rendered tv_shows/index.html.erb within layouts/application (6.5ms)
Completed 200 OK in 51ms (Views: 41.9ms | ActiveRecord: 0.5ms)


Started GET "/?search_key=mon" for ::1 at 2020-03-18 12:41:29 -0700
Processing by TvShowsController#index as */*
  Parameters: {"search_key"=>"mon"}
  Rendering tv_shows/index.html.erb within layouts/application
  [1m[36mTvShow Load (0.4ms)[0m  [1m[34mSELECT `tv_shows`.* FROM `tv_shows` WHERE (`tv_shows`.`show` = 'mon' OR `tv_shows`.`channel` = 'mon')[0m
  ↳ app/views/tv_shows/_show_list.html.erb:1
  Rendered tv_shows/_show_list.html.erb (1.4ms)
  Rendered tv_shows/index.html.erb within layouts/application (5.0ms)
Completed 200 OK in 52ms (Views: 42.3ms | ActiveRecord: 0.4ms)


Started GET "/?search_key=mo" for ::1 at 2020-03-18 12:41:29 -0700
Processing by TvShowsController#index as */*
  Parameters: {"search_key"=>"mo"}
  Rendering tv_shows/index.html.erb within layouts/application
  [1m[36mTvShow Load (0.4ms)[0m  [1m[34mSELECT `tv_shows`.* FROM `tv_shows` WHERE (`tv_shows`.`show` = 'mo' OR `tv_shows`.`channel` = 'mo')[0m
  ↳ app/views/tv_shows/_show_list.html.erb:1
  Rendered tv_shows/_show_list.html.erb (1.6ms)
  Rendered tv_shows/index.html.erb within layouts/application (4.7ms)
Completed 200 OK in 43ms (Views: 38.9ms | ActiveRecord: 0.4ms)


Started GET "/?search_key=m" for ::1 at 2020-03-18 12:41:29 -0700
Processing by TvShowsController#index as */*
  Parameters: {"search_key"=>"m"}
  Rendering tv_shows/index.html.erb within layouts/application
  [1m[36mTvShow Load (0.5ms)[0m  [1m[34mSELECT `tv_shows`.* FROM `tv_shows` WHERE (`tv_shows`.`show` = 'm' OR `tv_shows`.`channel` = 'm')[0m
  ↳ app/views/tv_shows/_show_list.html.erb:1
  Rendered tv_shows/_show_list.html.erb (2.5ms)
  Rendered tv_shows/index.html.erb within layouts/application (7.9ms)
Completed 200 OK in 96ms (Views: 85.5ms | ActiveRecord: 0.5ms)


Started GET "/?search_key=" for ::1 at 2020-03-18 12:41:29 -0700
Processing by TvShowsController#index as */*
  Parameters: {"search_key"=>""}
  Rendering tv_shows/index.html.erb within layouts/application
  [1m[36mTvShow Load (0.4ms)[0m  [1m[34mSELECT `tv_shows`.* FROM `tv_shows` WHERE (`tv_shows`.`show` = '' OR `tv_shows`.`channel` = '')[0m
  ↳ app/views/tv_shows/_show_list.html.erb:1
  Rendered tv_shows/_show_list.html.erb (2.6ms)
  Rendered tv_shows/index.html.erb within layouts/application (5.5ms)
Completed 200 OK in 59ms (Views: 54.3ms | ActiveRecord: 0.4ms)


Started GET "/?search_key=" for ::1 at 2020-03-18 12:41:29 -0700
Processing by TvShowsController#index as */*
  Parameters: {"search_key"=>""}
  Rendering tv_shows/index.html.erb within layouts/application
  [1m[36mTvShow Load (0.6ms)[0m  [1m[34mSELECT `tv_shows`.* FROM `tv_shows` WHERE (`tv_shows`.`show` = '' OR `tv_shows`.`channel` = '')[0m
  ↳ app/views/tv_shows/_show_list.html.erb:1
  Rendered tv_shows/_show_list.html.erb (2.3ms)
  Rendered tv_shows/index.html.erb within layouts/application (9.0ms)
Completed 200 OK in 58ms (Views: 48.3ms | ActiveRecord: 0.6ms)


Started GET "/" for ::1 at 2020-03-18 13:09:35 -0700
  [1m[35m (0.2ms)[0m  [1m[35mSET  @@SESSION.sql_mode = CONCAT(CONCAT(@@sql_mode, ',STRICT_ALL_TABLES'), ',NO_AUTO_VALUE_ON_ZERO'),  @@SESSION.sql_auto_is_null = 0, @@SESSION.wait_timeout = 2147483[0m
  ↳ /home/babaloopatel/.rvm/gems/ruby-2.6.3/gems/activerecord-5.2.4.1/lib/active_record/log_subscriber.rb:98
  [1m[35m (0.3ms)[0m  [1m[34mSELECT `schema_migrations`.`version` FROM `schema_migrations` ORDER BY `schema_migrations`.`version` ASC[0m
  ↳ /home/babaloopatel/.rvm/gems/ruby-2.6.3/gems/activerecord-5.2.4.1/lib/active_record/log_subscriber.rb:98
Processing by TvShowsController#index as HTML
  Rendering tv_shows/index.html.erb within layouts/application
  [1m[36mTvShow Load (0.3ms)[0m  [1m[34mSELECT `tv_shows`.* FROM `tv_shows`[0m
  ↳ app/views/tv_shows/_show_list.html.erb:1
  Rendered tv_shows/_show_list.html.erb (10.0ms)
  Rendered tv_shows/index.html.erb within layouts/application (11.2ms)
Completed 200 OK in 235ms (Views: 223.8ms | ActiveRecord: 1.0ms)


Started GET "/set_favourite/3" for ::1 at 2020-03-18 13:09:40 -0700
Processing by TvShowsController#set_favourite as JS
  Parameters: {"id"=>"3"}
  [1m[36mUser Load (1.0ms)[0m  [1m[34mSELECT  `users`.* FROM `users` ORDER BY `users`.`id` ASC LIMIT 1[0m
  ↳ app/controllers/tv_shows_controller.rb:11
  [1m[36mTvShow Load (0.8ms)[0m  [1m[34mSELECT  `tv_shows`.* FROM `tv_shows` WHERE `tv_shows`.`id` = 3 LIMIT 1[0m
  ↳ app/controllers/tv_shows_controller.rb:12
  [1m[35m (0.4ms)[0m  [1m[35mBEGIN[0m
  ↳ app/controllers/tv_shows_controller.rb:13
  [1m[36mUser::HABTM_TvShows Create (0.3ms)[0m  [1m[32mINSERT INTO `tv_shows_users` (`user_id`, `tv_show_id`) VALUES (1, 3)[0m
  ↳ app/controllers/tv_shows_controller.rb:13
  [1m[35m (6.5ms)[0m  [1m[35mCOMMIT[0m
  ↳ app/controllers/tv_shows_controller.rb:13
Completed 500 Internal Server Error in 429896ms (ActiveRecord: 12.7ms)


  
NameError (uninitialized constant TvShowsController::ReminderMailerWorker):
  
app/controllers/tv_shows_controller.rb:15:in `set_favourite'
Started GET "/" for ::1 at 2020-03-18 13:25:19 -0700
  [1m[35m (0.2ms)[0m  [1m[35mSET  @@SESSION.sql_mode = CONCAT(CONCAT(@@sql_mode, ',STRICT_ALL_TABLES'), ',NO_AUTO_VALUE_ON_ZERO'),  @@SESSION.sql_auto_is_null = 0, @@SESSION.wait_timeout = 2147483[0m
  ↳ /home/babaloopatel/.rvm/gems/ruby-2.6.3/gems/activerecord-5.2.4.1/lib/active_record/log_subscriber.rb:98
  [1m[35m (0.2ms)[0m  [1m[34mSELECT `schema_migrations`.`version` FROM `schema_migrations` ORDER BY `schema_migrations`.`version` ASC[0m
  ↳ /home/babaloopatel/.rvm/gems/ruby-2.6.3/gems/activerecord-5.2.4.1/lib/active_record/log_subscriber.rb:98
  
SyntaxError (/home/babaloopatel/Desktop/favourite_show/app/controllers/tv_shows_controller.rb:15: syntax error, unexpected ',', expecting '.' or &. or :: or '['
... / 60).minutes.from_now, 'bob', 5)
...                              ^
/home/babaloopatel/Desktop/favourite_show/app/controllers/tv_shows_controller.rb:16: syntax error, unexpected end, expecting ')'
  end
  ^~~):
  
app/controllers/tv_shows_controller.rb:15: syntax error, unexpected ',', expecting '.' or &. or :: or '['
app/controllers/tv_shows_controller.rb:16: syntax error, unexpected end, expecting ')'
Started GET "/" for ::1 at 2020-03-18 13:26:01 -0700
Processing by TvShowsController#index as HTML
  Rendering tv_shows/index.html.erb within layouts/application
  [1m[36mTvShow Load (0.2ms)[0m  [1m[34mSELECT `tv_shows`.* FROM `tv_shows`[0m
  ↳ app/views/tv_shows/_show_list.html.erb:1
  Rendered tv_shows/_show_list.html.erb (6.6ms)
  Rendered tv_shows/index.html.erb within layouts/application (7.2ms)
Completed 200 OK in 200ms (Views: 193.8ms | ActiveRecord: 1.2ms)


Started GET "/set_favourite/1" for ::1 at 2020-03-18 13:26:03 -0700
Processing by TvShowsController#set_favourite as JS
  Parameters: {"id"=>"1"}
  [1m[36mUser Load (0.7ms)[0m  [1m[34mSELECT  `users`.* FROM `users` ORDER BY `users`.`id` ASC LIMIT 1[0m
  ↳ app/controllers/tv_shows_controller.rb:11
  [1m[36mTvShow Load (0.5ms)[0m  [1m[34mSELECT  `tv_shows`.* FROM `tv_shows` WHERE `tv_shows`.`id` = 1 LIMIT 1[0m
  ↳ app/controllers/tv_shows_controller.rb:12
  [1m[35m (0.2ms)[0m  [1m[35mBEGIN[0m
  ↳ app/controllers/tv_shows_controller.rb:13
  [1m[36mUser::HABTM_TvShows Create (0.3ms)[0m  [1m[32mINSERT INTO `tv_shows_users` (`user_id`, `tv_show_id`) VALUES (1, 1)[0m
  ↳ app/controllers/tv_shows_controller.rb:13
  [1m[35m (6.7ms)[0m  [1m[35mCOMMIT[0m
  ↳ app/controllers/tv_shows_controller.rb:13
  Rendering tv_shows/set_favourite.html.erb within layouts/application
  Rendered tv_shows/set_favourite.html.erb within layouts/application (1.0ms)
Completed 200 OK in 121505ms (Views: 52.2ms | ActiveRecord: 11.3ms)


Started GET "/" for ::1 at 2020-03-18 13:28:15 -0700
Processing by TvShowsController#index as HTML
  Rendering tv_shows/index.html.erb within layouts/application
  [1m[36mTvShow Load (0.3ms)[0m  [1m[34mSELECT `tv_shows`.* FROM `tv_shows`[0m
  ↳ app/views/tv_shows/_show_list.html.erb:1
  Rendered tv_shows/_show_list.html.erb (6.4ms)
  Rendered tv_shows/index.html.erb within layouts/application (7.0ms)
Completed 200 OK in 35ms (Views: 30.2ms | ActiveRecord: 1.2ms)


Started GET "/set_favourite/1" for ::1 at 2020-03-18 13:28:22 -0700
Processing by TvShowsController#set_favourite as JS
  Parameters: {"id"=>"1"}
  [1m[36mUser Load (0.8ms)[0m  [1m[34mSELECT  `users`.* FROM `users` ORDER BY `users`.`id` ASC LIMIT 1[0m
  ↳ app/controllers/tv_shows_controller.rb:11
  [1m[36mTvShow Load (0.6ms)[0m  [1m[34mSELECT  `tv_shows`.* FROM `tv_shows` WHERE `tv_shows`.`id` = 1 LIMIT 1[0m
  ↳ app/controllers/tv_shows_controller.rb:12
  [1m[35m (0.2ms)[0m  [1m[35mBEGIN[0m
  ↳ app/controllers/tv_shows_controller.rb:13
  [1m[36mUser::HABTM_TvShows Create (0.3ms)[0m  [1m[32mINSERT INTO `tv_shows_users` (`user_id`, `tv_show_id`) VALUES (1, 1)[0m
  ↳ app/controllers/tv_shows_controller.rb:13
  [1m[35m (6.7ms)[0m  [1m[35mCOMMIT[0m
  ↳ app/controllers/tv_shows_controller.rb:13
Completed 500 Internal Server Error in 2480ms (ActiveRecord: 11.9ms)


  
NameError (uninitialized constant TvShowsController::ReminderMailerWorker):
  
app/controllers/tv_shows_controller.rb:15:in `set_favourite'
Started GET "/" for ::1 at 2020-03-18 13:29:54 -0700
Processing by TvShowsController#index as HTML
  Rendering tv_shows/index.html.erb within layouts/application
  [1m[36mTvShow Load (0.5ms)[0m  [1m[34mSELECT `tv_shows`.* FROM `tv_shows`[0m
  ↳ app/views/tv_shows/_show_list.html.erb:1
  Rendered tv_shows/_show_list.html.erb (3.2ms)
  Rendered tv_shows/index.html.erb within layouts/application (4.7ms)
Completed 200 OK in 51ms (Views: 48.2ms | ActiveRecord: 0.5ms)


Started GET "/set_favourite/1" for ::1 at 2020-03-18 13:29:57 -0700
Processing by TvShowsController#set_favourite as JS
  Parameters: {"id"=>"1"}
  [1m[36mUser Load (0.7ms)[0m  [1m[34mSELECT  `users`.* FROM `users` ORDER BY `users`.`id` ASC LIMIT 1[0m
  ↳ app/controllers/tv_shows_controller.rb:11
  [1m[36mTvShow Load (0.6ms)[0m  [1m[34mSELECT  `tv_shows`.* FROM `tv_shows` WHERE `tv_shows`.`id` = 1 LIMIT 1[0m
  ↳ app/controllers/tv_shows_controller.rb:12
  [1m[35m (0.4ms)[0m  [1m[35mBEGIN[0m
  ↳ app/controllers/tv_shows_controller.rb:13
  [1m[36mUser::HABTM_TvShows Create (0.5ms)[0m  [1m[32mINSERT INTO `tv_shows_users` (`user_id`, `tv_show_id`) VALUES (1, 1)[0m
  ↳ app/controllers/tv_shows_controller.rb:13
  [1m[35m (1.6ms)[0m  [1m[35mCOMMIT[0m
  ↳ app/controllers/tv_shows_controller.rb:13
Completed 500 Internal Server Error in 5735ms (ActiveRecord: 3.8ms)


  
NameError (uninitialized constant TvShowsController::ReminderMailerWorker):
  
app/controllers/tv_shows_controller.rb:15:in `set_favourite'
Started GET "/set_favourite/3" for ::1 at 2020-03-18 13:30:39 -0700
  [1m[35m (0.2ms)[0m  [1m[35mSET  @@SESSION.sql_mode = CONCAT(CONCAT(@@sql_mode, ',STRICT_ALL_TABLES'), ',NO_AUTO_VALUE_ON_ZERO'),  @@SESSION.sql_auto_is_null = 0, @@SESSION.wait_timeout = 2147483[0m
  ↳ /home/babaloopatel/.rvm/gems/ruby-2.6.3/gems/activerecord-5.2.4.1/lib/active_record/log_subscriber.rb:98
  [1m[35m (0.2ms)[0m  [1m[34mSELECT `schema_migrations`.`version` FROM `schema_migrations` ORDER BY `schema_migrations`.`version` ASC[0m
  ↳ /home/babaloopatel/.rvm/gems/ruby-2.6.3/gems/activerecord-5.2.4.1/lib/active_record/log_subscriber.rb:98
Processing by TvShowsController#set_favourite as JS
  Parameters: {"id"=>"3"}
  [1m[36mUser Load (0.2ms)[0m  [1m[34mSELECT  `users`.* FROM `users` ORDER BY `users`.`id` ASC LIMIT 1[0m
  ↳ app/controllers/tv_shows_controller.rb:11
  [1m[36mTvShow Load (0.2ms)[0m  [1m[34mSELECT  `tv_shows`.* FROM `tv_shows` WHERE `tv_shows`.`id` = 3 LIMIT 1[0m
  ↳ app/controllers/tv_shows_controller.rb:12
  [1m[35m (0.2ms)[0m  [1m[35mBEGIN[0m
  ↳ app/controllers/tv_shows_controller.rb:13
  [1m[36mUser::HABTM_TvShows Create (0.2ms)[0m  [1m[32mINSERT INTO `tv_shows_users` (`user_id`, `tv_show_id`) VALUES (1, 3)[0m
  ↳ app/controllers/tv_shows_controller.rb:13
  [1m[35m (1.3ms)[0m  [1m[35mCOMMIT[0m
  ↳ app/controllers/tv_shows_controller.rb:13
Completed 500 Internal Server Error in 1871ms (ActiveRecord: 4.2ms)


  
NameError (uninitialized constant TvShowsController::ReminderMailerWorker):
  
app/controllers/tv_shows_controller.rb:15:in `set_favourite'
Started GET "/" for ::1 at 2020-03-18 13:32:58 -0700
Processing by TvShowsController#index as HTML
  Rendering tv_shows/index.html.erb within layouts/application
  [1m[36mTvShow Load (0.6ms)[0m  [1m[34mSELECT `tv_shows`.* FROM `tv_shows`[0m
  ↳ app/views/tv_shows/_show_list.html.erb:1
  Rendered tv_shows/_show_list.html.erb (3.4ms)
  Rendered tv_shows/index.html.erb within layouts/application (5.0ms)
Completed 200 OK in 211ms (Views: 208.0ms | ActiveRecord: 0.6ms)


Started GET "/set_favourite/2" for ::1 at 2020-03-18 13:33:00 -0700
Processing by TvShowsController#set_favourite as JS
  Parameters: {"id"=>"2"}
  [1m[36mUser Load (0.6ms)[0m  [1m[34mSELECT  `users`.* FROM `users` ORDER BY `users`.`id` ASC LIMIT 1[0m
  ↳ app/controllers/tv_shows_controller.rb:11
  [1m[36mTvShow Load (0.5ms)[0m  [1m[34mSELECT  `tv_shows`.* FROM `tv_shows` WHERE `tv_shows`.`id` = 2 LIMIT 1[0m
  ↳ app/controllers/tv_shows_controller.rb:12
  [1m[35m (0.3ms)[0m  [1m[35mBEGIN[0m
  ↳ app/controllers/tv_shows_controller.rb:13
  [1m[36mUser::HABTM_TvShows Create (0.5ms)[0m  [1m[32mINSERT INTO `tv_shows_users` (`user_id`, `tv_show_id`) VALUES (1, 2)[0m
  ↳ app/controllers/tv_shows_controller.rb:13
  [1m[35m (7.6ms)[0m  [1m[35mCOMMIT[0m
  ↳ app/controllers/tv_shows_controller.rb:13
Completed 500 Internal Server Error in 2614ms (ActiveRecord: 9.6ms)


  
NameError (uninitialized constant TvShowsController::ReminderMailerWorker):
  
app/controllers/tv_shows_controller.rb:15:in `set_favourite'
Started GET "/" for ::1 at 2020-03-18 18:20:42 -0700
Processing by TvShowsController#index as HTML
  Rendering tv_shows/index.html.erb within layouts/application
  [1m[36mTvShow Load (0.3ms)[0m  [1m[34mSELECT `tv_shows`.* FROM `tv_shows`[0m
  ↳ app/views/tv_shows/_show_list.html.erb:1
  Rendered tv_shows/_show_list.html.erb (6.6ms)
  Rendered tv_shows/index.html.erb within layouts/application (8.0ms)
Completed 200 OK in 37ms (Views: 31.8ms | ActiveRecord: 0.9ms)


Started GET "/set_favourite/1" for ::1 at 2020-03-18 18:20:52 -0700
Processing by TvShowsController#set_favourite as JS
  Parameters: {"id"=>"1"}
  [1m[36mUser Load (0.6ms)[0m  [1m[34mSELECT  `users`.* FROM `users` ORDER BY `users`.`id` ASC LIMIT 1[0m
  ↳ app/controllers/tv_shows_controller.rb:11
  [1m[36mTvShow Load (0.6ms)[0m  [1m[34mSELECT  `tv_shows`.* FROM `tv_shows` WHERE `tv_shows`.`id` = 1 LIMIT 1[0m
  ↳ app/controllers/tv_shows_controller.rb:12
  [1m[35m (0.3ms)[0m  [1m[35mBEGIN[0m
  ↳ app/controllers/tv_shows_controller.rb:13
  [1m[36mUser::HABTM_TvShows Create (0.3ms)[0m  [1m[32mINSERT INTO `tv_shows_users` (`user_id`, `tv_show_id`) VALUES (1, 1)[0m
  ↳ app/controllers/tv_shows_controller.rb:13
  [1m[35m (2.7ms)[0m  [1m[35mCOMMIT[0m
  ↳ app/controllers/tv_shows_controller.rb:13
Completed 500 Internal Server Error in 1140569ms (ActiveRecord: 7.6ms)


  
NameError (uninitialized constant TvShowsController::ReminderMailerWorker):
  
app/controllers/tv_shows_controller.rb:15:in `set_favourite'
Started GET "/set_favourite/2" for ::1 at 2020-03-18 18:46:34 -0700
  [1m[35m (0.2ms)[0m  [1m[35mSET  @@SESSION.sql_mode = CONCAT(CONCAT(@@sql_mode, ',STRICT_ALL_TABLES'), ',NO_AUTO_VALUE_ON_ZERO'),  @@SESSION.sql_auto_is_null = 0, @@SESSION.wait_timeout = 2147483[0m
  ↳ /home/babaloopatel/.rvm/gems/ruby-2.6.3/gems/activerecord-5.2.4.1/lib/active_record/log_subscriber.rb:98
  [1m[35m (0.3ms)[0m  [1m[34mSELECT `schema_migrations`.`version` FROM `schema_migrations` ORDER BY `schema_migrations`.`version` ASC[0m
  ↳ /home/babaloopatel/.rvm/gems/ruby-2.6.3/gems/activerecord-5.2.4.1/lib/active_record/log_subscriber.rb:98
Processing by TvShowsController#set_favourite as JS
  Parameters: {"id"=>"2"}
  [1m[36mUser Load (0.2ms)[0m  [1m[34mSELECT  `users`.* FROM `users` ORDER BY `users`.`id` ASC LIMIT 1[0m
  ↳ app/controllers/tv_shows_controller.rb:11
  [1m[36mTvShow Load (0.2ms)[0m  [1m[34mSELECT  `tv_shows`.* FROM `tv_shows` WHERE `tv_shows`.`id` = 2 LIMIT 1[0m
  ↳ app/controllers/tv_shows_controller.rb:12
  [1m[35m (0.2ms)[0m  [1m[35mBEGIN[0m
  ↳ app/controllers/tv_shows_controller.rb:13
  [1m[36mUser::HABTM_TvShows Create (0.2ms)[0m  [1m[32mINSERT INTO `tv_shows_users` (`user_id`, `tv_show_id`) VALUES (1, 2)[0m
  ↳ app/controllers/tv_shows_controller.rb:13
  [1m[35m (1.2ms)[0m  [1m[35mCOMMIT[0m
  ↳ app/controllers/tv_shows_controller.rb:13
Started GET "/sidekiq" for ::1 at 2020-03-18 18:48:13 -0700
  Rendering tv_shows/set_favourite.html.erb within layouts/application
  Rendered tv_shows/set_favourite.html.erb within layouts/application (0.6ms)
Completed 200 OK in 134836ms (Views: 212.2ms | ActiveRecord: 4.0ms)


  
ActionController::RoutingError (No route matches [GET] "/sidekiq"):
  
actionpack (5.2.4.1) lib/action_dispatch/middleware/debug_exceptions.rb:65:in `call'
web-console (3.7.0) lib/web_console/middleware.rb:135:in `call_app'
web-console (3.7.0) lib/web_console/middleware.rb:30:in `block in call'
web-console (3.7.0) lib/web_console/middleware.rb:20:in `catch'
web-console (3.7.0) lib/web_console/middleware.rb:20:in `call'
actionpack (5.2.4.1) lib/action_dispatch/middleware/show_exceptions.rb:33:in `call'
railties (5.2.4.1) lib/rails/rack/logger.rb:38:in `call_app'
railties (5.2.4.1) lib/rails/rack/logger.rb:26:in `block in call'
activesupport (5.2.4.1) lib/active_support/tagged_logging.rb:71:in `block in tagged'
activesupport (5.2.4.1) lib/active_support/tagged_logging.rb:28:in `tagged'
activesupport (5.2.4.1) lib/active_support/tagged_logging.rb:71:in `tagged'
railties (5.2.4.1) lib/rails/rack/logger.rb:26:in `call'
sprockets-rails (3.2.1) lib/sprockets/rails/quiet_assets.rb:13:in `call'
actionpack (5.2.4.1) lib/action_dispatch/middleware/remote_ip.rb:81:in `call'
actionpack (5.2.4.1) lib/action_dispatch/middleware/request_id.rb:27:in `call'
rack (2.2.2) lib/rack/method_override.rb:24:in `call'
rack (2.2.2) lib/rack/runtime.rb:22:in `call'
activesupport (5.2.4.1) lib/active_support/cache/strategy/local_cache_middleware.rb:29:in `call'
actionpack (5.2.4.1) lib/action_dispatch/middleware/executor.rb:14:in `call'
actionpack (5.2.4.1) lib/action_dispatch/middleware/static.rb:127:in `call'
rack (2.2.2) lib/rack/sendfile.rb:110:in `call'
railties (5.2.4.1) lib/rails/engine.rb:524:in `call'
puma (3.12.4) lib/puma/configuration.rb:227:in `call'
puma (3.12.4) lib/puma/server.rb:675:in `handle_request'
puma (3.12.4) lib/puma/server.rb:476:in `process_client'
puma (3.12.4) lib/puma/server.rb:334:in `block in run'
puma (3.12.4) lib/puma/thread_pool.rb:135:in `block in spawn_thread'
Started GET "/sidekiq" for ::1 at 2020-03-18 18:49:15 -0700
  
ActionController::RoutingError (No route matches [GET] "/sidekiq"):
  
actionpack (5.2.4.1) lib/action_dispatch/middleware/debug_exceptions.rb:65:in `call'
web-console (3.7.0) lib/web_console/middleware.rb:135:in `call_app'
web-console (3.7.0) lib/web_console/middleware.rb:30:in `block in call'
web-console (3.7.0) lib/web_console/middleware.rb:20:in `catch'
web-console (3.7.0) lib/web_console/middleware.rb:20:in `call'
actionpack (5.2.4.1) lib/action_dispatch/middleware/show_exceptions.rb:33:in `call'
railties (5.2.4.1) lib/rails/rack/logger.rb:38:in `call_app'
railties (5.2.4.1) lib/rails/rack/logger.rb:26:in `block in call'
activesupport (5.2.4.1) lib/active_support/tagged_logging.rb:71:in `block in tagged'
activesupport (5.2.4.1) lib/active_support/tagged_logging.rb:28:in `tagged'
activesupport (5.2.4.1) lib/active_support/tagged_logging.rb:71:in `tagged'
railties (5.2.4.1) lib/rails/rack/logger.rb:26:in `call'
sprockets-rails (3.2.1) lib/sprockets/rails/quiet_assets.rb:13:in `call'
actionpack (5.2.4.1) lib/action_dispatch/middleware/remote_ip.rb:81:in `call'
actionpack (5.2.4.1) lib/action_dispatch/middleware/request_id.rb:27:in `call'
rack (2.2.2) lib/rack/method_override.rb:24:in `call'
rack (2.2.2) lib/rack/runtime.rb:22:in `call'
activesupport (5.2.4.1) lib/active_support/cache/strategy/local_cache_middleware.rb:29:in `call'
actionpack (5.2.4.1) lib/action_dispatch/middleware/executor.rb:14:in `call'
actionpack (5.2.4.1) lib/action_dispatch/middleware/static.rb:127:in `call'
rack (2.2.2) lib/rack/sendfile.rb:110:in `call'
railties (5.2.4.1) lib/rails/engine.rb:524:in `call'
puma (3.12.4) lib/puma/configuration.rb:227:in `call'
puma (3.12.4) lib/puma/server.rb:675:in `handle_request'
puma (3.12.4) lib/puma/server.rb:476:in `process_client'
puma (3.12.4) lib/puma/server.rb:334:in `block in run'
puma (3.12.4) lib/puma/thread_pool.rb:135:in `block in spawn_thread'
Started GET "/sidekiq" for ::1 at 2020-03-18 18:49:52 -0700
Started GET "/sidekiq/stylesheets/bootstrap.css" for ::1 at 2020-03-18 18:49:52 -0700
Started GET "/sidekiq/stylesheets/application-dark.css" for ::1 at 2020-03-18 18:49:52 -0700
Started GET "/sidekiq/stylesheets/application.css" for ::1 at 2020-03-18 18:49:52 -0700
Started GET "/sidekiq/javascripts/dashboard.js" for ::1 at 2020-03-18 18:49:52 -0700
Started GET "/sidekiq/javascripts/application.js" for ::1 at 2020-03-18 18:49:52 -0700
  [1m[35m (0.4ms)[0m  [1m[35mSET  @@SESSION.sql_mode = CONCAT(CONCAT(@@sql_mode, ',STRICT_ALL_TABLES'), ',NO_AUTO_VALUE_ON_ZERO'),  @@SESSION.sql_auto_is_null = 0, @@SESSION.wait_timeout = 2147483[0m
  ↳ /home/babaloopatel/.rvm/gems/ruby-2.6.3/gems/activerecord-5.2.4.1/lib/active_record/log_subscriber.rb:98
  [1m[35m (0.5ms)[0m  [1m[35mSET  @@SESSION.sql_mode = CONCAT(CONCAT(@@sql_mode, ',STRICT_ALL_TABLES'), ',NO_AUTO_VALUE_ON_ZERO'),  @@SESSION.sql_auto_is_null = 0, @@SESSION.wait_timeout = 2147483[0m
  ↳ /home/babaloopatel/.rvm/gems/ruby-2.6.3/gems/activerecord-5.2.4.1/lib/active_record/log_subscriber.rb:98
  [1m[35m (0.6ms)[0m  [1m[35mSET  @@SESSION.sql_mode = CONCAT(CONCAT(@@sql_mode, ',STRICT_ALL_TABLES'), ',NO_AUTO_VALUE_ON_ZERO'),  @@SESSION.sql_auto_is_null = 0, @@SESSION.wait_timeout = 2147483[0m
  ↳ /home/babaloopatel/.rvm/gems/ruby-2.6.3/gems/activerecord-5.2.4.1/lib/active_record/log_subscriber.rb:98
  [1m[35m (0.9ms)[0m  [1m[35mSET  @@SESSION.sql_mode = CONCAT(CONCAT(@@sql_mode, ',STRICT_ALL_TABLES'), ',NO_AUTO_VALUE_ON_ZERO'),  @@SESSION.sql_auto_is_null = 0, @@SESSION.wait_timeout = 2147483[0m
  ↳ /home/babaloopatel/.rvm/gems/ruby-2.6.3/gems/activerecord-5.2.4.1/lib/active_record/log_subscriber.rb:98
Started GET "/sidekiq/images/status.png" for ::1 at 2020-03-18 18:49:52 -0700
Started GET "/sidekiq/images/favicon.ico" for ::1 at 2020-03-18 18:49:52 -0700
Started GET "/sidekiq/stats" for ::1 at 2020-03-18 18:49:57 -0700
Started GET "/sidekiq/scheduled" for ::1 at 2020-03-18 18:49:57 -0700
Started GET "/?partner=costco" for ::1 at 2020-03-19 18:48:19 -0700
  [1m[35m (1.7ms)[0m  [1m[35mSET  @@SESSION.sql_mode = CONCAT(CONCAT(@@sql_mode, ',STRICT_ALL_TABLES'), ',NO_AUTO_VALUE_ON_ZERO'),  @@SESSION.sql_auto_is_null = 0, @@SESSION.wait_timeout = 2147483[0m
  ↳ /home/babaloopatel/.rvm/gems/ruby-2.6.3/gems/activerecord-5.2.4.1/lib/active_record/log_subscriber.rb:98
  [1m[35m (0.2ms)[0m  [1m[34mSELECT `schema_migrations`.`version` FROM `schema_migrations` ORDER BY `schema_migrations`.`version` ASC[0m
  ↳ /home/babaloopatel/.rvm/gems/ruby-2.6.3/gems/activerecord-5.2.4.1/lib/active_record/log_subscriber.rb:98
Processing by TvShowsController#index as HTML
  Parameters: {"partner"=>"costco"}
  Rendering tv_shows/index.html.erb within layouts/application
  [1m[36mTvShow Load (0.6ms)[0m  [1m[34mSELECT `tv_shows`.* FROM `tv_shows`[0m
  ↳ app/views/tv_shows/_show_list.html.erb:1
  Rendered tv_shows/_show_list.html.erb (5.5ms)
  Rendered tv_shows/index.html.erb within layouts/application (6.3ms)
Completed 200 OK in 223ms (Views: 213.5ms | ActiveRecord: 1.4ms)


Started GET "/" for ::1 at 2020-03-19 18:48:23 -0700
Processing by TvShowsController#index as HTML
  Rendering tv_shows/index.html.erb within layouts/application
  [1m[36mTvShow Load (0.4ms)[0m  [1m[34mSELECT `tv_shows`.* FROM `tv_shows`[0m
  ↳ app/views/tv_shows/_show_list.html.erb:1
  Rendered tv_shows/_show_list.html.erb (2.0ms)
  Rendered tv_shows/index.html.erb within layouts/application (3.0ms)
Completed 200 OK in 28ms (Views: 26.5ms | ActiveRecord: 0.4ms)


Started GET "/set_favourite/1" for ::1 at 2020-03-19 18:48:28 -0700
Processing by TvShowsController#set_favourite as JS
  Parameters: {"id"=>"1"}
  [1m[36mUser Load (0.6ms)[0m  [1m[34mSELECT  `users`.* FROM `users` ORDER BY `users`.`id` ASC LIMIT 1[0m
  ↳ app/controllers/tv_shows_controller.rb:11
  [1m[36mTvShow Load (0.6ms)[0m  [1m[34mSELECT  `tv_shows`.* FROM `tv_shows` WHERE `tv_shows`.`id` = 1 LIMIT 1[0m
  ↳ app/controllers/tv_shows_controller.rb:12
  [1m[35m (0.3ms)[0m  [1m[35mBEGIN[0m
  ↳ app/controllers/tv_shows_controller.rb:13
  [1m[36mUser::HABTM_TvShows Create (0.5ms)[0m  [1m[32mINSERT INTO `tv_shows_users` (`user_id`, `tv_show_id`) VALUES (1, 1)[0m
  ↳ app/controllers/tv_shows_controller.rb:13
  [1m[35m (1.4ms)[0m  [1m[35mCOMMIT[0m
  ↳ app/controllers/tv_shows_controller.rb:13
Completed 500 Internal Server Error in 147ms (ActiveRecord: 8.5ms)


  
NoMethodError (undefined method `queue_adoptor=' for ActiveJob::Base:Class
Did you mean?  queue_adapter=
               queue_adapter
               queue_adapter?):
  
app/mailers/reminder_mailer.rb:1:in `<main>'
app/controllers/tv_shows_controller.rb:14:in `set_favourite'
Started GET "/" for ::1 at 2020-03-19 18:50:14 -0700
Processing by TvShowsController#index as HTML
  Rendering tv_shows/index.html.erb within layouts/application
  [1m[36mTvShow Load (0.3ms)[0m  [1m[34mSELECT `tv_shows`.* FROM `tv_shows`[0m
  ↳ app/views/tv_shows/_show_list.html.erb:1
  Rendered tv_shows/_show_list.html.erb (6.3ms)
  Rendered tv_shows/index.html.erb within layouts/application (7.1ms)
Completed 200 OK in 35ms (Views: 29.3ms | ActiveRecord: 1.2ms)


Started GET "/set_favourite/3" for ::1 at 2020-03-19 18:50:28 -0700
Processing by TvShowsController#set_favourite as JS
  Parameters: {"id"=>"3"}
  [1m[36mUser Load (0.6ms)[0m  [1m[34mSELECT  `users`.* FROM `users` ORDER BY `users`.`id` ASC LIMIT 1[0m
  ↳ app/controllers/tv_shows_controller.rb:11
  [1m[36mTvShow Load (0.6ms)[0m  [1m[34mSELECT  `tv_shows`.* FROM `tv_shows` WHERE `tv_shows`.`id` = 3 LIMIT 1[0m
  ↳ app/controllers/tv_shows_controller.rb:12
  [1m[35m (0.3ms)[0m  [1m[35mBEGIN[0m
  ↳ app/controllers/tv_shows_controller.rb:13
  [1m[36mUser::HABTM_TvShows Create (0.3ms)[0m  [1m[32mINSERT INTO `tv_shows_users` (`user_id`, `tv_show_id`) VALUES (1, 3)[0m
  ↳ app/controllers/tv_shows_controller.rb:13
  [1m[35m (6.5ms)[0m  [1m[35mCOMMIT[0m
  ↳ app/controllers/tv_shows_controller.rb:13
Completed 500 Internal Server Error in 46ms (ActiveRecord: 11.3ms)


  
NoMethodError (undefined method `default' for ApplicationMailer:Class):
  
app/mailers/application_mailer.rb:2:in `<class:ApplicationMailer>'
app/mailers/application_mailer.rb:1:in `<main>'
app/mailers/reminder_mailer.rb:1:in `<main>'
app/controllers/tv_shows_controller.rb:14:in `set_favourite'
Started GET "/" for ::1 at 2020-03-19 18:52:47 -0700
Processing by TvShowsController#index as HTML
  Rendering tv_shows/index.html.erb within layouts/application
  [1m[36mTvShow Load (0.2ms)[0m  [1m[34mSELECT `tv_shows`.* FROM `tv_shows`[0m
  ↳ app/views/tv_shows/_show_list.html.erb:1
  Rendered tv_shows/_show_list.html.erb (5.7ms)
  Rendered tv_shows/index.html.erb within layouts/application (6.4ms)
Completed 200 OK in 31ms (Views: 27.0ms | ActiveRecord: 0.9ms)


Started GET "/set_favourite/3" for ::1 at 2020-03-19 18:52:51 -0700
Processing by TvShowsController#set_favourite as JS
  Parameters: {"id"=>"3"}
  [1m[36mUser Load (0.6ms)[0m  [1m[34mSELECT  `users`.* FROM `users` ORDER BY `users`.`id` ASC LIMIT 1[0m
  ↳ app/controllers/tv_shows_controller.rb:11
  [1m[36mTvShow Load (0.3ms)[0m  [1m[34mSELECT  `tv_shows`.* FROM `tv_shows` WHERE `tv_shows`.`id` = 3 LIMIT 1[0m
  ↳ app/controllers/tv_shows_controller.rb:12
  [1m[35m (0.1ms)[0m  [1m[35mBEGIN[0m
  ↳ app/controllers/tv_shows_controller.rb:13
  [1m[36mUser::HABTM_TvShows Create (0.2ms)[0m  [1m[32mINSERT INTO `tv_shows_users` (`user_id`, `tv_show_id`) VALUES (1, 3)[0m
  ↳ app/controllers/tv_shows_controller.rb:13
  [1m[35m (7.1ms)[0m  [1m[35mCOMMIT[0m
  ↳ app/controllers/tv_shows_controller.rb:13
Completed 500 Internal Server Error in 35ms (ActiveRecord: 10.9ms)


  
NoMethodError (undefined method `layout' for ApplicationMailer:Class):
  
app/mailers/application_mailer.rb:3:in `<class:ApplicationMailer>'
app/mailers/application_mailer.rb:1:in `<main>'
app/mailers/reminder_mailer.rb:1:in `<main>'
app/controllers/tv_shows_controller.rb:14:in `set_favourite'
Started GET "/set_favourite/2" for ::1 at 2020-03-19 18:53:11 -0700
  [1m[35m (0.2ms)[0m  [1m[35mSET  @@SESSION.sql_mode = CONCAT(CONCAT(@@sql_mode, ',STRICT_ALL_TABLES'), ',NO_AUTO_VALUE_ON_ZERO'),  @@SESSION.sql_auto_is_null = 0, @@SESSION.wait_timeout = 2147483[0m
  ↳ /home/babaloopatel/.rvm/gems/ruby-2.6.3/gems/activerecord-5.2.4.1/lib/active_record/log_subscriber.rb:98
  [1m[35m (0.2ms)[0m  [1m[34mSELECT `schema_migrations`.`version` FROM `schema_migrations` ORDER BY `schema_migrations`.`version` ASC[0m
  ↳ /home/babaloopatel/.rvm/gems/ruby-2.6.3/gems/activerecord-5.2.4.1/lib/active_record/log_subscriber.rb:98
Processing by TvShowsController#set_favourite as JS
  Parameters: {"id"=>"2"}
  [1m[36mUser Load (0.2ms)[0m  [1m[34mSELECT  `users`.* FROM `users` ORDER BY `users`.`id` ASC LIMIT 1[0m
  ↳ app/controllers/tv_shows_controller.rb:11
  [1m[36mTvShow Load (0.2ms)[0m  [1m[34mSELECT  `tv_shows`.* FROM `tv_shows` WHERE `tv_shows`.`id` = 2 LIMIT 1[0m
  ↳ app/controllers/tv_shows_controller.rb:12
  [1m[35m (0.2ms)[0m  [1m[35mBEGIN[0m
  ↳ app/controllers/tv_shows_controller.rb:13
  [1m[36mUser::HABTM_TvShows Create (0.1ms)[0m  [1m[32mINSERT INTO `tv_shows_users` (`user_id`, `tv_show_id`) VALUES (1, 2)[0m
  ↳ app/controllers/tv_shows_controller.rb:13
  [1m[35m (1.5ms)[0m  [1m[35mCOMMIT[0m
  ↳ app/controllers/tv_shows_controller.rb:13
Completed 500 Internal Server Error in 62ms (ActiveRecord: 4.3ms)


  
NoMethodError (undefined method `queue_adoptor=' for ActiveJob::Base:Class
Did you mean?  queue_adapter=
               queue_adapter
               queue_adapter?):
  
app/mailers/application_mailer.rb:1:in `<main>'
app/mailers/reminder_mailer.rb:1:in `<main>'
app/controllers/tv_shows_controller.rb:14:in `set_favourite'
Started GET "/set_favourite/3" for ::1 at 2020-03-19 19:04:43 -0700
  [1m[35m (0.5ms)[0m  [1m[35mSET  @@SESSION.sql_mode = CONCAT(CONCAT(@@sql_mode, ',STRICT_ALL_TABLES'), ',NO_AUTO_VALUE_ON_ZERO'),  @@SESSION.sql_auto_is_null = 0, @@SESSION.wait_timeout = 2147483[0m
  ↳ /home/babaloopatel/.rvm/gems/ruby-2.6.3/gems/activerecord-5.2.4.1/lib/active_record/log_subscriber.rb:98
Processing by TvShowsController#set_favourite as JS
  Parameters: {"id"=>"3"}
  [1m[36mUser Load (0.3ms)[0m  [1m[34mSELECT  `users`.* FROM `users` ORDER BY `users`.`id` ASC LIMIT 1[0m
  ↳ app/controllers/tv_shows_controller.rb:11
  [1m[36mTvShow Load (0.4ms)[0m  [1m[34mSELECT  `tv_shows`.* FROM `tv_shows` WHERE `tv_shows`.`id` = 3 LIMIT 1[0m
  ↳ app/controllers/tv_shows_controller.rb:12
  [1m[35m (0.2ms)[0m  [1m[35mBEGIN[0m
  ↳ app/controllers/tv_shows_controller.rb:13
  [1m[36mUser::HABTM_TvShows Create (0.2ms)[0m  [1m[32mINSERT INTO `tv_shows_users` (`user_id`, `tv_show_id`) VALUES (1, 3)[0m
  ↳ app/controllers/tv_shows_controller.rb:13
  [1m[35m (3.0ms)[0m  [1m[35mCOMMIT[0m
  ↳ app/controllers/tv_shows_controller.rb:13
Completed 500 Internal Server Error in 42ms (ActiveRecord: 7.8ms)


  
NoMethodError (undefined method `default' for ApplicationMailer:Class):
  
app/mailers/application_mailer.rb:2:in `<class:ApplicationMailer>'
app/mailers/application_mailer.rb:1:in `<main>'
app/mailers/reminder_mailer.rb:1:in `<main>'
app/controllers/tv_shows_controller.rb:14:in `set_favourite'
